Global Error: (psycopg2.errors.UndefinedColumn) column transcriptions.source_url does not exist
LINE 1: ...udio_file_path AS transcriptions_audio_file_path, transcript...
                                                             ^

[SQL: SELECT transcriptions.id AS transcriptions_id, transcriptions.user_id AS transcriptions_user_id, transcriptions.title AS transcriptions_title, transcriptions.audio_file_path AS transcriptions_audio_file_path, transcriptions.source_url AS transcriptions_source_url, transcriptions.transcript_text AS transcriptions_transcript_text, transcriptions.segments AS transcriptions_segments, transcriptions.summary AS transcriptions_summary, transcriptions.action_items AS transcriptions_action_items, transcriptions.key_concepts AS transcriptions_key_concepts, transcriptions.sentiment_score AS transcriptions_sentiment_score, transcriptions.processed AS transcriptions_processed, transcriptions.created_at AS transcriptions_created_at 
FROM transcriptions 
WHERE transcriptions.user_id = %(user_id_1)s::UUID ORDER BY transcriptions.created_at DESC]
[parameters: {'user_id_1': UUID('4f3d27e1-ab73-4dc8-9649-5ee813c18af7')}]
(Background on this error at: https://sqlalche.me/e/20/f405)
Traceback (most recent call last):
  File "D:\repo\nural foundry\Access.AI\backend\venv\lib\site-packages\sqlalchemy\engine\base.py", line 1967, in _exec_single_context
    self.dialect.do_execute(
  File "D:\repo\nural foundry\Access.AI\backend\venv\lib\site-packages\sqlalchemy\engine\default.py", line 952, in do_execute
    cursor.execute(statement, parameters)
psycopg2.errors.UndefinedColumn: column transcriptions.source_url does not exist
LINE 1: ...udio_file_path AS transcriptions_audio_file_path, transcript...
                                                             ^


The above exception was the direct cause of the following exception:

Traceback (most recent call last):
  File "D:\repo\nural foundry\Access.AI\backend\venv\lib\site-packages\starlette\middleware\errors.py", line 164, in __call__
    await self.app(scope, receive, _send)
  File "D:\repo\nural foundry\Access.AI\backend\venv\lib\site-packages\starlette\middleware\cors.py", line 95, in __call__
    await self.simple_response(scope, receive, send, request_headers=headers)
  File "D:\repo\nural foundry\Access.AI\backend\venv\lib\site-packages\starlette\middleware\cors.py", line 153, in simple_response
    await self.app(scope, receive, send)
  File "D:\repo\nural foundry\Access.AI\backend\venv\lib\site-packages\starlette\middleware\exceptions.py", line 63, in __call__
    await wrap_app_handling_exceptions(self.app, conn)(scope, receive, send)
  File "D:\repo\nural foundry\Access.AI\backend\venv\lib\site-packages\starlette\_exception_handler.py", line 53, in wrapped_app
    raise exc
  File "D:\repo\nural foundry\Access.AI\backend\venv\lib\site-packages\starlette\_exception_handler.py", line 42, in wrapped_app
    await app(scope, receive, sender)
  File "D:\repo\nural foundry\Access.AI\backend\venv\lib\site-packages\fastapi\middleware\asyncexitstack.py", line 18, in __call__
    await self.app(scope, receive, send)
  File "D:\repo\nural foundry\Access.AI\backend\venv\lib\site-packages\starlette\routing.py", line 716, in __call__
    await self.middleware_stack(scope, receive, send)
  File "D:\repo\nural foundry\Access.AI\backend\venv\lib\site-packages\starlette\routing.py", line 736, in app
    await route.handle(scope, receive, send)
  File "D:\repo\nural foundry\Access.AI\backend\venv\lib\site-packages\starlette\routing.py", line 290, in handle
    await self.app(scope, receive, send)
  File "D:\repo\nural foundry\Access.AI\backend\venv\lib\site-packages\fastapi\routing.py", line 119, in app
    await wrap_app_handling_exceptions(app, request)(scope, receive, send)
  File "D:\repo\nural foundry\Access.AI\backend\venv\lib\site-packages\starlette\_exception_handler.py", line 53, in wrapped_app
    raise exc
  File "D:\repo\nural foundry\Access.AI\backend\venv\lib\site-packages\starlette\_exception_handler.py", line 42, in wrapped_app
    await app(scope, receive, sender)
  File "D:\repo\nural foundry\Access.AI\backend\venv\lib\site-packages\fastapi\routing.py", line 105, in app
    response = await f(request)
  File "D:\repo\nural foundry\Access.AI\backend\venv\lib\site-packages\fastapi\routing.py", line 424, in app
    raw_response = await run_endpoint_function(
  File "D:\repo\nural foundry\Access.AI\backend\venv\lib\site-packages\fastapi\routing.py", line 312, in run_endpoint_function
    return await dependant.call(**values)
  File "D:\repo\nural foundry\Access.AI\backend\app\api\transcribe.py", line 228, in list_transcriptions
    ).order_by(Transcription.created_at.desc()).all()
  File "D:\repo\nural foundry\Access.AI\backend\venv\lib\site-packages\sqlalchemy\orm\query.py", line 2704, in all
    return self._iter().all()  # type: ignore
  File "D:\repo\nural foundry\Access.AI\backend\venv\lib\site-packages\sqlalchemy\orm\query.py", line 2857, in _iter
    result: Union[ScalarResult[_T], Result[_T]] = self.session.execute(
  File "D:\repo\nural foundry\Access.AI\backend\venv\lib\site-packages\sqlalchemy\orm\session.py", line 2351, in execute
    return self._execute_internal(
  File "D:\repo\nural foundry\Access.AI\backend\venv\lib\site-packages\sqlalchemy\orm\session.py", line 2249, in _execute_internal
    result: Result[Any] = compile_state_cls.orm_execute_statement(
  File "D:\repo\nural foundry\Access.AI\backend\venv\lib\site-packages\sqlalchemy\orm\context.py", line 306, in orm_execute_statement
    result = conn.execute(
  File "D:\repo\nural foundry\Access.AI\backend\venv\lib\site-packages\sqlalchemy\engine\base.py", line 1419, in execute
    return meth(
  File "D:\repo\nural foundry\Access.AI\backend\venv\lib\site-packages\sqlalchemy\sql\elements.py", line 527, in _execute_on_connection
    return connection._execute_clauseelement(
  File "D:\repo\nural foundry\Access.AI\backend\venv\lib\site-packages\sqlalchemy\engine\base.py", line 1641, in _execute_clauseelement
    ret = self._execute_context(
  File "D:\repo\nural foundry\Access.AI\backend\venv\lib\site-packages\sqlalchemy\engine\base.py", line 1846, in _execute_context
    return self._exec_single_context(
  File "D:\repo\nural foundry\Access.AI\backend\venv\lib\site-packages\sqlalchemy\engine\base.py", line 1986, in _exec_single_context
    self._handle_dbapi_exception(
  File "D:\repo\nural foundry\Access.AI\backend\venv\lib\site-packages\sqlalchemy\engine\base.py", line 2363, in _handle_dbapi_exception
    raise sqlalchemy_exception.with_traceback(exc_info[2]) from e
  File "D:\repo\nural foundry\Access.AI\backend\venv\lib\site-packages\sqlalchemy\engine\base.py", line 1967, in _exec_single_context
    self.dialect.do_execute(
  File "D:\repo\nural foundry\Access.AI\backend\venv\lib\site-packages\sqlalchemy\engine\default.py", line 952, in do_execute
    cursor.execute(statement, parameters)
sqlalchemy.exc.ProgrammingError: (psycopg2.errors.UndefinedColumn) column transcriptions.source_url does not exist
LINE 1: ...udio_file_path AS transcriptions_audio_file_path, transcript...
                                                             ^

[SQL: SELECT transcriptions.id AS transcriptions_id, transcriptions.user_id AS transcriptions_user_id, transcriptions.title AS transcriptions_title, transcriptions.audio_file_path AS transcriptions_audio_file_path, transcriptions.source_url AS transcriptions_source_url, transcriptions.transcript_text AS transcriptions_transcript_text, transcriptions.segments AS transcriptions_segments, transcriptions.summary AS transcriptions_summary, transcriptions.action_items AS transcriptions_action_items, transcriptions.key_concepts AS transcriptions_key_concepts, transcriptions.sentiment_score AS transcriptions_sentiment_score, transcriptions.processed AS transcriptions_processed, transcriptions.created_at AS transcriptions_created_at 
FROM transcriptions 
WHERE transcriptions.user_id = %(user_id_1)s::UUID ORDER BY transcriptions.created_at DESC]
[parameters: {'user_id_1': UUID('4f3d27e1-ab73-4dc8-9649-5ee813c18af7')}]
(Background on this error at: https://sqlalche.me/e/20/f405)
